Containers:
  [+] MainContainer:
   |            ID: 0x0000000000000000
   |        Bounds: IsValid=false, Min=(X=0.000 Y=0.000 Z=0.000), Max=(X=0.000 Y=0.000 Z=0.000)
   |     Transform: 0.000000,0.000000,0.000000|0.000000,0.000000,-0.000000|1.000000,1.000000,1.000000
   |     Container: /Game/Maps/Lobby
   |  ActorDescs:
   |      - Guid:179B6F5C49DF123E17AE6391A66E88D3 Class:StaticMeshActor Name:StaticMeshActor_33 SpatiallyLoaded:true Bounds:IsValid=true, Min=(X=0.000 Y=0.000 Z=-50.000), Max=(X=3000.000 Y=3500.000 Z=0.000) RuntimeGrid:None EditorOnly:false LevelBoundsRelevant:true HLODRelevant:true FolderPath:Playground FolderGuid:8CD33C9A4E75AD59B95486AC740693D6 Parent:00000000000000000000000000000000
   |      - Guid:272C24BB4C4844BA31018D959D6B5E94 Class:SkyAtmosphere Name:SkyAtmosphere_1 SpatiallyLoaded:false Bounds:IsValid=true, Min=(X=0.000 Y=0.000 Z=1020.000), Max=(X=0.000 Y=0.000 Z=1020.000) RuntimeGrid:None EditorOnly:false LevelBoundsRelevant:false HLODRelevant:false FolderPath:Lighting FolderGuid:08A10B054C95868C663DE39EE4343813 Parent:00000000000000000000000000000000
   |      - Guid:2FF894174E9CC072E91368838E9CAEF9 Class:DirectionalLight Name:DirectionalLight_1 SpatiallyLoaded:false Bounds:IsValid=true, Min=(X=-1048576.000 Y=-1048576.000 Z=-1048576.000), Max=(X=1048576.000 Y=1048576.000 Z=1048576.000) RuntimeGrid:None EditorOnly:false LevelBoundsRelevant:false HLODRelevant:false FolderPath:Lighting FolderGuid:08A10B054C95868C663DE39EE4343813 Parent:00000000000000000000000000000000
   |      - Guid:3042C0514449CD5EF90612A262A9823A Class:StaticMeshActor Name:StaticMeshActor_UAID_A4AE111137DC5EFB00_1594956423 SpatiallyLoaded:true Bounds:IsValid=true, Min=(X=-1638400.000 Y=-1638400.000 Z=-1638400.000), Max=(X=1638400.000 Y=1638400.000 Z=1638400.000) RuntimeGrid:None EditorOnly:false LevelBoundsRelevant:true HLODRelevant:true FolderPath:Lighting FolderGuid:08A10B054C95868C663DE39EE4343813 Parent:00000000000000000000000000000000
   |      - Guid:34E29AC842439A8B0975B8966A5C0BD5 Class:WorldDataLayers Name:WorldDataLayers SpatiallyLoaded:false Bounds:IsValid=true, Min=(X=0.000 Y=0.000 Z=0.000), Max=(X=0.000 Y=0.000 Z=0.000) RuntimeGrid:None EditorOnly:false LevelBoundsRelevant:false HLODRelevant:false FolderPath:None FolderGuid:00000000000000000000000000000000 Parent:00000000000000000000000000000000
   |      - Guid:4673158945B8EFDEAE028BABF913A1A2 Class:VolumetricCloud Name:VolumetricCloud_1 SpatiallyLoaded:false Bounds:IsValid=true, Min=(X=0.000 Y=0.000 Z=820.000), Max=(X=0.000 Y=0.000 Z=820.000) RuntimeGrid:None EditorOnly:false LevelBoundsRelevant:false HLODRelevant:false FolderPath:Lighting FolderGuid:08A10B054C95868C663DE39EE4343813 Parent:00000000000000000000000000000000
   |      - Guid:4A8DE1D7494D13EDDF2EAD9D43E19EAF Class:ExponentialHeightFog Name:ExponentialHeightFog_1 SpatiallyLoaded:false Bounds:IsValid=true, Min=(X=-5600.000 Y=-50.000 Z=-6850.000), Max=(X=-5600.000 Y=-50.000 Z=-6850.000) RuntimeGrid:None EditorOnly:false LevelBoundsRelevant:false HLODRelevant:false FolderPath:Lighting FolderGuid:08A10B054C95868C663DE39EE4343813 Parent:00000000000000000000000000000000
   |      - Guid:510617244D2CF05AE52278A0BB0806FE Class:StaticMeshActor Name:StaticMeshActor_43 SpatiallyLoaded:true Bounds:IsValid=true, Min=(X=2900.000 Y=100.000 Z=0.000), Max=(X=3000.000 Y=3400.000 Z=400.000) RuntimeGrid:None EditorOnly:false LevelBoundsRelevant:true HLODRelevant:true FolderPath:Playground FolderGuid:8CD33C9A4E75AD59B95486AC740693D6 Parent:00000000000000000000000000000000
   |      - Guid:57C72258474182A93FD89DA8A62739E9 Class:StaticMeshActor Name:StaticMeshActor_37 SpatiallyLoaded:true Bounds:IsValid=true, Min=(X=0.000 Y=3400.000 Z=0.000), Max=(X=3000.000 Y=3500.000 Z=400.000) RuntimeGrid:None EditorOnly:false LevelBoundsRelevant:true HLODRelevant:true FolderPath:Playground FolderGuid:8CD33C9A4E75AD59B95486AC740693D6 Parent:00000000000000000000000000000000
   |      - Guid:767A374B460740B1205621BEB4B9831C Class:SkyLight Name:SkyLight_0 SpatiallyLoaded:false Bounds:IsValid=true, Min=(X=0.000 Y=0.000 Z=690.000), Max=(X=0.000 Y=0.000 Z=690.000) RuntimeGrid:None EditorOnly:false LevelBoundsRelevant:false HLODRelevant:false FolderPath:Lighting FolderGuid:08A10B054C95868C663DE39EE4343813 Parent:00000000000000000000000000000000
   |      - Guid:79E86B0C488F3A175F67FCA58DB4C6A7 Class:TextRenderActor Name:TextRenderActor_1 SpatiallyLoaded:true Bounds:IsValid=true, Min=(X=-0.100 Y=1100.000 Z=65.013), Max=(X=-0.100 Y=2392.308 Z=215.013) RuntimeGrid:None EditorOnly:false LevelBoundsRelevant:true HLODRelevant:false FolderPath:None FolderGuid:00000000000000000000000000000000 Parent:00000000000000000000000000000000
   |      - Guid:7BD91C50434281B9FDFDF5A825CC6FF1 Class:PlayerStart Name:PlayerStart_0 SpatiallyLoaded:false Bounds:IsValid=true, Min=(X=860.000 Y=1070.000 Z=0.013), Max=(X=940.000 Y=1150.000 Z=184.013) RuntimeGrid:None EditorOnly:false LevelBoundsRelevant:true HLODRelevant:false FolderPath:None FolderGuid:00000000000000000000000000000000 Parent:00000000000000000000000000000000
   |      - Guid:80525CE143B98173A7B97183E0301079 Class:PostProcessVolume Name:PostProcessVolume_0 SpatiallyLoaded:false Bounds:IsValid=true, Min=(X=0.000 Y=0.000 Z=400.000), Max=(X=200.000 Y=200.000 Z=600.000) RuntimeGrid:None EditorOnly:false LevelBoundsRelevant:false HLODRelevant:false FolderPath:Lighting FolderGuid:08A10B054C95868C663DE39EE4343813 Parent:00000000000000000000000000000000
   |      - Guid:ACECFB5D449DC350C6765F9F4986E57B Class:StaticMeshActor Name:StaticMeshActor_42 SpatiallyLoaded:true Bounds:IsValid=true, Min=(X=-0.000 Y=100.000 Z=0.000), Max=(X=100.000 Y=3400.000 Z=400.000) RuntimeGrid:None EditorOnly:false LevelBoundsRelevant:true HLODRelevant:true FolderPath:Playground FolderGuid:8CD33C9A4E75AD59B95486AC740693D6 Parent:00000000000000000000000000000000
   |      - Guid:C9F91A4246B338CEC4ADF1922F4AE1D8 Class:TextRenderActor Name:TextRenderActor_UAID_D85ED380AF2BEB3E01_1346940991 SpatiallyLoaded:true Bounds:IsValid=true, Min=(X=1600.000 Y=1200.000 Z=1.000), Max=(X=1860.000 Y=1890.000 Z=1.000) RuntimeGrid:None EditorOnly:false LevelBoundsRelevant:true HLODRelevant:false FolderPath:None FolderGuid:00000000000000000000000000000000 Parent:00000000000000000000000000000000
   |      - Guid:E356FC4245694FBB18DE309B8C2116DA Class:StaticMeshActor Name:StaticMeshActor_36 SpatiallyLoaded:true Bounds:IsValid=true, Min=(X=0.000 Y=0.000 Z=0.000), Max=(X=3000.000 Y=100.000 Z=400.000) RuntimeGrid:None EditorOnly:false LevelBoundsRelevant:true HLODRelevant:true FolderPath:Playground FolderGuid:8CD33C9A4E75AD59B95486AC740693D6 Parent:00000000000000000000000000000000
